# JRE version: OpenJDK Runtime Environment (8.0_242-b01) (build 1.8.0_242-release-1644-b01)
# Java VM: OpenJDK 64-Bit Server VM (25.242-b01 mixed mode windows-amd64 compressed oops)
Heap:
 PSYoungGen      total 637952K, used 637922K [0x00000000d5580000, 0x0000000100000000, 0x0000000100000000)
  eden space 584704K, 100% used [0x00000000d5580000,0x00000000f9080000,0x00000000f9080000)
  from space 53248K, 99% used [0x00000000f9080000,0x00000000fc478b70,0x00000000fc480000)
  to   space 60928K, 99% used [0x00000000fc480000,0x00000000ffffd200,0x0000000100000000)
 ParOldGen       total 286208K, used 268256K [0x0000000080000000, 0x0000000091780000, 0x00000000d5580000)
  object space 286208K, 93% used [0x0000000080000000,0x00000000905f83d8,0x0000000091780000)
 Metaspace       used 121755K, capacity 128612K, committed 128984K, reserved 1161216K
  class space    used 15409K, capacity 16693K, committed 16896K, reserved 1048576K
GC Heap History (10 events):
Event: 2576.177 GC heap after
Heap after GC invocations=35 (full 6):
 PSYoungGen      total 649216K, used 0K [0x00000000d5580000, 0x0000000100000000, 0x0000000100000000)
  eden space 606208K, 0% used [0x00000000d5580000,0x00000000d5580000,0x00000000fa580000)
  from space 43008K, 0% used [0x00000000fa580000,0x00000000fa580000,0x00000000fcf80000)
  to   space 49664K, 0% used [0x00000000fcf80000,0x00000000fcf80000,0x0000000100000000)
 ParOldGen       total 286208K, used 151108K [0x0000000080000000, 0x0000000091780000, 0x00000000d5580000)
  object space 286208K, 52% used [0x0000000080000000,0x0000000089391218,0x0000000091780000)
 Metaspace       used 117786K, capacity 123604K, committed 124120K, reserved 1157120K
  class space    used 15014K, capacity 16141K, committed 16384K, reserved 1048576K
}
Event: 2637.052 GC heap before
{Heap before GC invocations=36 (full 6):
 PSYoungGen      total 649216K, used 606208K [0x00000000d5580000, 0x0000000100000000, 0x0000000100000000)
  eden space 606208K, 100% used [0x00000000d5580000,0x00000000fa580000,0x00000000fa580000)
  from space 43008K, 0% used [0x00000000fa580000,0x00000000fa580000,0x00000000fcf80000)
  to   space 49664K, 0% used [0x00000000fcf80000,0x00000000fcf80000,0x0000000100000000)
 ParOldGen       total 286208K, used 151108K [0x0000000080000000, 0x0000000091780000, 0x00000000d5580000)
  object space 286208K, 52% used [0x0000000080000000,0x0000000089391218,0x0000000091780000)
 Metaspace       used 119560K, capacity 125584K, committed 125912K, reserved 1159168K
  class space    used 15238K, capacity 16395K, committed 16640K, reserved 1048576K
Event: 2637.204 GC heap after
Heap after GC invocations=36 (full 6):
 PSYoungGen      total 632832K, used 12834K [0x00000000d5580000, 0x0000000100000000, 0x0000000100000000)
  eden space 583168K, 0% used [0x00000000d5580000,0x00000000d5580000,0x00000000f8f00000)
  from space 49664K, 25% used [0x00000000fcf80000,0x00000000fdc08858,0x0000000100000000)
  to   space 57856K, 0% used [0x00000000f8f00000,0x00000000f8f00000,0x00000000fc780000)
 ParOldGen       total 286208K, used 151116K [0x0000000080000000, 0x0000000091780000, 0x00000000d5580000)
  object space 286208K, 52% used [0x0000000080000000,0x0000000089393218,0x0000000091780000)
 Metaspace       used 119560K, capacity 125584K, committed 125912K, reserved 1159168K
  class space    used 15238K, capacity 16395K, committed 16640K, reserved 1048576K
}
Event: 2781.737 GC heap before
{Heap before GC invocations=37 (full 6):
 PSYoungGen      total 632832K, used 596002K [0x00000000d5580000, 0x0000000100000000, 0x0000000100000000)
  eden space 583168K, 100% used [0x00000000d5580000,0x00000000f8f00000,0x00000000f8f00000)
  from space 49664K, 25% used [0x00000000fcf80000,0x00000000fdc08858,0x0000000100000000)
  to   space 57856K, 0% used [0x00000000f8f00000,0x00000000f8f00000,0x00000000fc780000)
 ParOldGen       total 286208K, used 151116K [0x0000000080000000, 0x0000000091780000, 0x00000000d5580000)
  object space 286208K, 52% used [0x0000000080000000,0x0000000089393218,0x0000000091780000)
 Metaspace       used 120670K, capacity 127038K, committed 127320K, reserved 1159168K
  class space    used 15327K, capacity 16550K, committed 16768K, reserved 1048576K
Event: 2782.245 GC heap after
Heap after GC invocations=37 (full 6):
 PSYoungGen      total 641024K, used 14630K [0x00000000d5580000, 0x0000000100000000, 0x0000000100000000)
  eden space 583168K, 0% used [0x00000000d5580000,0x00000000d5580000,0x00000000f8f00000)
  from space 57856K, 25% used [0x00000000f8f00000,0x00000000f9d49ad0,0x00000000fc780000)
  to   space 56320K, 0% used [0x00000000fc900000,0x00000000fc900000,0x0000000100000000)
 ParOldGen       total 286208K, used 151124K [0x0000000080000000, 0x0000000091780000, 0x00000000d5580000)
  object space 286208K, 52% used [0x0000000080000000,0x0000000089395218,0x0000000091780000)
 Metaspace       used 120670K, capacity 127038K, committed 127320K, reserved 1159168K
  class space    used 15327K, capacity 16550K, committed 16768K, reserved 1048576K
}
Event: 2855.584 GC heap before
{Heap before GC invocations=38 (full 6):
 PSYoungGen      total 641024K, used 597798K [0x00000000d5580000, 0x0000000100000000, 0x0000000100000000)
  eden space 583168K, 100% used [0x00000000d5580000,0x00000000f8f00000,0x00000000f8f00000)
  from space 57856K, 25% used [0x00000000f8f00000,0x00000000f9d49ad0,0x00000000fc780000)
  to   space 56320K, 0% used [0x00000000fc900000,0x00000000fc900000,0x0000000100000000)
 ParOldGen       total 286208K, used 151124K [0x0000000080000000, 0x0000000091780000, 0x00000000d5580000)
  object space 286208K, 52% used [0x0000000080000000,0x0000000089395218,0x0000000091780000)
 Metaspace       used 120825K, capacity 127350K, committed 127576K, reserved 1161216K
  class space    used 15340K, capacity 16570K, committed 16768K, reserved 1048576K
Event: 2855.785 GC heap after
Heap after GC invocations=38 (full 6):
 PSYoungGen      total 633344K, used 21091K [0x00000000d5580000, 0x00000000ff880000, 0x0000000100000000)
  eden space 584704K, 0% used [0x00000000d5580000,0x00000000d5580000,0x00000000f9080000)
  from space 48640K, 43% used [0x00000000fc900000,0x00000000fdd98d08,0x00000000ff880000)
  to   space 53248K, 0% used [0x00000000f9080000,0x00000000f9080000,0x00000000fc480000)
 ParOldGen       total 286208K, used 151132K [0x0000000080000000, 0x0000000091780000, 0x00000000d5580000)
  object space 286208K, 52% used [0x0000000080000000,0x0000000089397218,0x0000000091780000)
 Metaspace       used 120825K, capacity 127350K, committed 127576K, reserved 1161216K
  class space    used 15340K, capacity 16570K, committed 16768K, reserved 1048576K
}
Event: 2870.652 GC heap before
{Heap before GC invocations=39 (full 6):
 PSYoungGen      total 633344K, used 605795K [0x00000000d5580000, 0x00000000ff880000, 0x0000000100000000)
  eden space 584704K, 100% used [0x00000000d5580000,0x00000000f9080000,0x00000000f9080000)
  from space 48640K, 43% used [0x00000000fc900000,0x00000000fdd98d08,0x00000000ff880000)
  to   space 53248K, 0% used [0x00000000f9080000,0x00000000f9080000,0x00000000fc480000)
 ParOldGen       total 286208K, used 151132K [0x0000000080000000, 0x0000000091780000, 0x00000000d5580000)
  object space 286208K, 52% used [0x0000000080000000,0x0000000089397218,0x0000000091780000)
 Metaspace       used 121322K, capacity 127954K, committed 128344K, reserved 1161216K
  class space    used 15371K, capacity 16626K, committed 16768K, reserved 1048576K
Event: 2871.496 GC heap after
Heap after GC invocations=39 (full 6):
 PSYoungGen      total 637952K, used 53218K [0x00000000d5580000, 0x0000000100000000, 0x0000000100000000)
  eden space 584704K, 0% used [0x00000000d5580000,0x00000000d5580000,0x00000000f9080000)
  from space 53248K, 99% used [0x00000000f9080000,0x00000000fc478b70,0x00000000fc480000)
  to   space 60928K, 0% used [0x00000000fc480000,0x00000000fc480000,0x0000000100000000)
 ParOldGen       total 286208K, used 218281K [0x0000000080000000, 0x0000000091780000, 0x00000000d5580000)
  object space 286208K, 76% used [0x0000000080000000,0x000000008d52a4c0,0x0000000091780000)
 Metaspace       used 121322K, capacity 127954K, committed 128344K, reserved 1161216K
  class space    used 15371K, capacity 16626K, committed 16768K, reserved 1048576K
}
Event: 4682.961 GC heap before
{Heap before GC invocations=40 (full 6):
 PSYoungGen      total 637952K, used 637922K [0x00000000d5580000, 0x0000000100000000, 0x0000000100000000)
  eden space 584704K, 100% used [0x00000000d5580000,0x00000000f9080000,0x00000000f9080000)
  from space 53248K, 99% used [0x00000000f9080000,0x00000000fc478b70,0x00000000fc480000)
  to   space 60928K, 0% used [0x00000000fc480000,0x00000000fc480000,0x0000000100000000)
 ParOldGen       total 286208K, used 218281K [0x0000000080000000, 0x0000000091780000, 0x00000000d5580000)
  object space 286208K, 76% used [0x0000000080000000,0x000000008d52a4c0,0x0000000091780000)
 Metaspace       used 121755K, capacity 128612K, committed 128984K, reserved 1161216K
  class space    used 15409K, capacity 16693K, committed 16896K, reserved 1048576K

